2023-09-09 00:37:13.116 INFO [main] [Horse.<init>(Horse.java:34)] - Horse object was created: Name [Bucephalus]: Speed [2.4]
2023-09-09 00:37:13.118 INFO [main] [Horse.<init>(Horse.java:34)] - Horse object was created: Name [Ace of Spades]: Speed [2.5]
2023-09-09 00:37:13.118 INFO [main] [Horse.<init>(Horse.java:34)] - Horse object was created: Name [Zephyr]: Speed [2.6]
2023-09-09 00:37:13.118 INFO [main] [Horse.<init>(Horse.java:34)] - Horse object was created: Name [Blaze]: Speed [2.7]
2023-09-09 00:37:13.119 INFO [main] [Horse.<init>(Horse.java:34)] - Horse object was created: Name [Lobster]: Speed [2.8]
2023-09-09 00:37:13.119 INFO [main] [Horse.<init>(Horse.java:34)] - Horse object was created: Name [Pegasus]: Speed [2.9]
2023-09-09 00:37:13.119 INFO [main] [Horse.<init>(Horse.java:34)] - Horse object was created: Name [Cherry]: Speed [3.0]
2023-09-09 00:37:13.119 INFO [main] [Main.main(Main.java:20)] - Start of the race. Number of paticipants: 7
2023-09-09 00:37:13.119 INFO [main] [Hippodrome.<init>(Hippodrome.java:25)] - creation of Hippodrome, horses [7]
2023-09-09 00:37:33.367 INFO [main] [Main.main(Main.java:32)] - End of the race. Winner is Cherry
2023-09-09 00:59:29.679 INFO [main] [Horse.<init>(Horse.java:34)] - Horse object was created: Name [TestName]: Speed [3.0]
2023-09-09 00:59:29.694 INFO [main] [Horse.<init>(Horse.java:15)] - Name is null
2023-09-09 00:59:30.476 INFO [main] [Horse.<init>(Horse.java:34)] - Horse object was created: Name [TestName]: Speed [1.0]
2023-09-09 00:59:30.506 INFO [main] [Horse.<init>(Horse.java:34)] - Horse object was created: Name [TestName]: Speed [9.0]
2023-09-09 00:59:30.568 INFO [main] [Horse.<init>(Horse.java:34)] - Horse object was created: Name [testName]: Speed [2.5]
2023-09-09 00:59:30.581 INFO [main] [Horse.<init>(Horse.java:34)] - Horse object was created: Name [testName]: Speed [2.5]
2023-09-09 00:59:30.585 INFO [main] [Horse.<init>(Horse.java:34)] - Horse object was created: Name [testName]: Speed [2.5]
2023-09-09 00:59:30.588 INFO [main] [Horse.<init>(Horse.java:34)] - Horse object was created: Name [testName]: Speed [2.5]
2023-09-09 00:59:30.593 INFO [main] [Horse.<init>(Horse.java:34)] - Horse object was created: Name [testName]: Speed [2.5]
2023-09-09 00:59:30.596 INFO [main] [Horse.<init>(Horse.java:34)] - Horse object was created: Name [testName]: Speed [2.5]
2023-09-09 00:59:30.599 INFO [main] [Horse.<init>(Horse.java:34)] - Horse object was created: Name [testName]: Speed [2.5]
2023-09-09 00:59:30.603 INFO [main] [Horse.<init>(Horse.java:34)] - Horse object was created: Name [TestName]: Speed [1.0]
2023-09-09 00:59:30.606 INFO [main] [Horse.<init>(Horse.java:22)] - Speed is negative
2023-09-09 00:59:30.608 INFO [main] [Horse.<init>(Horse.java:26)] - Distance is negative
2023-09-09 00:59:30.613 INFO [main] [Horse.<init>(Horse.java:18)] - Name is blank
2023-09-09 00:59:30.616 INFO [main] [Horse.<init>(Horse.java:18)] - Name is blank
2023-09-09 00:59:30.619 INFO [main] [Horse.<init>(Horse.java:18)] - Name is blank
2023-09-09 00:59:30.622 INFO [main] [Horse.<init>(Horse.java:18)] - Name is blank
2023-09-09 00:59:30.625 INFO [main] [Horse.<init>(Horse.java:18)] - Name is blank
2023-09-09 00:59:30.627 INFO [main] [Horse.<init>(Horse.java:18)] - Name is blank
2023-09-09 00:59:30.629 INFO [main] [Horse.<init>(Horse.java:18)] - Name is blank
2023-09-09 00:59:30.637 INFO [main] [Hippodrome.<init>(Hippodrome.java:16)] - Horses list is null
2023-09-09 00:59:30.662 INFO [main] [Horse.<init>(Horse.java:34)] - Horse object was created: Name [Horse0]: Speed [0.0]
2023-09-09 00:59:30.662 INFO [main] [Horse.<init>(Horse.java:34)] - Horse object was created: Name [Horse1]: Speed [1.0]
2023-09-09 00:59:30.662 INFO [main] [Horse.<init>(Horse.java:34)] - Horse object was created: Name [Horse2]: Speed [2.0]
2023-09-09 00:59:30.663 INFO [main] [Horse.<init>(Horse.java:34)] - Horse object was created: Name [Horse3]: Speed [3.0]
2023-09-09 00:59:30.663 INFO [main] [Horse.<init>(Horse.java:34)] - Horse object was created: Name [Horse4]: Speed [4.0]
2023-09-09 00:59:30.663 INFO [main] [Horse.<init>(Horse.java:34)] - Horse object was created: Name [Horse5]: Speed [5.0]
2023-09-09 00:59:30.663 INFO [main] [Horse.<init>(Horse.java:34)] - Horse object was created: Name [Horse6]: Speed [6.0]
2023-09-09 00:59:30.663 INFO [main] [Horse.<init>(Horse.java:34)] - Horse object was created: Name [Horse7]: Speed [7.0]
2023-09-09 00:59:30.663 INFO [main] [Horse.<init>(Horse.java:34)] - Horse object was created: Name [Horse8]: Speed [8.0]
2023-09-09 00:59:30.664 INFO [main] [Horse.<init>(Horse.java:34)] - Horse object was created: Name [Horse9]: Speed [9.0]
2023-09-09 00:59:30.664 INFO [main] [Horse.<init>(Horse.java:34)] - Horse object was created: Name [Horse10]: Speed [10.0]
2023-09-09 00:59:30.664 INFO [main] [Horse.<init>(Horse.java:34)] - Horse object was created: Name [Horse11]: Speed [11.0]
2023-09-09 00:59:30.664 INFO [main] [Horse.<init>(Horse.java:34)] - Horse object was created: Name [Horse12]: Speed [12.0]
2023-09-09 00:59:30.665 INFO [main] [Horse.<init>(Horse.java:34)] - Horse object was created: Name [Horse13]: Speed [13.0]
2023-09-09 00:59:30.665 INFO [main] [Horse.<init>(Horse.java:34)] - Horse object was created: Name [Horse14]: Speed [14.0]
2023-09-09 00:59:30.666 INFO [main] [Horse.<init>(Horse.java:34)] - Horse object was created: Name [Horse15]: Speed [15.0]
2023-09-09 00:59:30.666 INFO [main] [Horse.<init>(Horse.java:34)] - Horse object was created: Name [Horse16]: Speed [16.0]
2023-09-09 00:59:30.666 INFO [main] [Horse.<init>(Horse.java:34)] - Horse object was created: Name [Horse17]: Speed [17.0]
2023-09-09 00:59:30.666 INFO [main] [Horse.<init>(Horse.java:34)] - Horse object was created: Name [Horse18]: Speed [18.0]
2023-09-09 00:59:30.666 INFO [main] [Horse.<init>(Horse.java:34)] - Horse object was created: Name [Horse19]: Speed [19.0]
2023-09-09 00:59:30.666 INFO [main] [Horse.<init>(Horse.java:34)] - Horse object was created: Name [Horse20]: Speed [20.0]
2023-09-09 00:59:30.666 INFO [main] [Horse.<init>(Horse.java:34)] - Horse object was created: Name [Horse21]: Speed [21.0]
2023-09-09 00:59:30.667 INFO [main] [Horse.<init>(Horse.java:34)] - Horse object was created: Name [Horse22]: Speed [22.0]
2023-09-09 00:59:30.667 INFO [main] [Horse.<init>(Horse.java:34)] - Horse object was created: Name [Horse23]: Speed [23.0]
2023-09-09 00:59:30.667 INFO [main] [Horse.<init>(Horse.java:34)] - Horse object was created: Name [Horse24]: Speed [24.0]
2023-09-09 00:59:30.667 INFO [main] [Horse.<init>(Horse.java:34)] - Horse object was created: Name [Horse25]: Speed [25.0]
2023-09-09 00:59:30.667 INFO [main] [Horse.<init>(Horse.java:34)] - Horse object was created: Name [Horse26]: Speed [26.0]
2023-09-09 00:59:30.667 INFO [main] [Horse.<init>(Horse.java:34)] - Horse object was created: Name [Horse27]: Speed [27.0]
2023-09-09 00:59:30.668 INFO [main] [Horse.<init>(Horse.java:34)] - Horse object was created: Name [Horse28]: Speed [28.0]
2023-09-09 00:59:30.668 INFO [main] [Horse.<init>(Horse.java:34)] - Horse object was created: Name [Horse29]: Speed [29.0]
2023-09-09 00:59:30.668 INFO [main] [Horse.<init>(Horse.java:34)] - Horse object was created: Name [Horse30]: Speed [30.0]
2023-09-09 00:59:30.668 INFO [main] [Horse.<init>(Horse.java:34)] - Horse object was created: Name [Horse31]: Speed [31.0]
2023-09-09 00:59:30.668 INFO [main] [Horse.<init>(Horse.java:34)] - Horse object was created: Name [Horse32]: Speed [32.0]
2023-09-09 00:59:30.668 INFO [main] [Horse.<init>(Horse.java:34)] - Horse object was created: Name [Horse33]: Speed [33.0]
2023-09-09 00:59:30.668 INFO [main] [Horse.<init>(Horse.java:34)] - Horse object was created: Name [Horse34]: Speed [34.0]
2023-09-09 00:59:30.669 INFO [main] [Horse.<init>(Horse.java:34)] - Horse object was created: Name [Horse35]: Speed [35.0]
2023-09-09 00:59:30.669 INFO [main] [Horse.<init>(Horse.java:34)] - Horse object was created: Name [Horse36]: Speed [36.0]
2023-09-09 00:59:30.669 INFO [main] [Horse.<init>(Horse.java:34)] - Horse object was created: Name [Horse37]: Speed [37.0]
2023-09-09 00:59:30.669 INFO [main] [Horse.<init>(Horse.java:34)] - Horse object was created: Name [Horse38]: Speed [38.0]
2023-09-09 00:59:30.669 INFO [main] [Horse.<init>(Horse.java:34)] - Horse object was created: Name [Horse39]: Speed [39.0]
2023-09-09 00:59:30.669 INFO [main] [Horse.<init>(Horse.java:34)] - Horse object was created: Name [Horse40]: Speed [40.0]
2023-09-09 00:59:30.670 INFO [main] [Horse.<init>(Horse.java:34)] - Horse object was created: Name [Horse41]: Speed [41.0]
2023-09-09 00:59:30.670 INFO [main] [Horse.<init>(Horse.java:34)] - Horse object was created: Name [Horse42]: Speed [42.0]
2023-09-09 00:59:30.670 INFO [main] [Horse.<init>(Horse.java:34)] - Horse object was created: Name [Horse43]: Speed [43.0]
2023-09-09 00:59:30.670 INFO [main] [Horse.<init>(Horse.java:34)] - Horse object was created: Name [Horse44]: Speed [44.0]
2023-09-09 00:59:30.670 INFO [main] [Horse.<init>(Horse.java:34)] - Horse object was created: Name [Horse45]: Speed [45.0]
2023-09-09 00:59:30.670 INFO [main] [Horse.<init>(Horse.java:34)] - Horse object was created: Name [Horse46]: Speed [46.0]
2023-09-09 00:59:30.671 INFO [main] [Horse.<init>(Horse.java:34)] - Horse object was created: Name [Horse47]: Speed [47.0]
2023-09-09 00:59:30.671 INFO [main] [Horse.<init>(Horse.java:34)] - Horse object was created: Name [Horse48]: Speed [48.0]
2023-09-09 00:59:30.671 INFO [main] [Horse.<init>(Horse.java:34)] - Horse object was created: Name [Horse49]: Speed [49.0]
2023-09-09 00:59:30.671 INFO [main] [Hippodrome.<init>(Hippodrome.java:25)] - creation of Hippodrome, horses [50]
2023-09-09 00:59:30.674 INFO [main] [Horse.<init>(Horse.java:34)] - Horse object was created: Name [Horse0]: Speed [0.0]
2023-09-09 00:59:30.675 INFO [main] [Horse.<init>(Horse.java:34)] - Horse object was created: Name [Horse1]: Speed [1.0]
2023-09-09 00:59:30.675 INFO [main] [Horse.<init>(Horse.java:34)] - Horse object was created: Name [Horse2]: Speed [2.0]
2023-09-09 00:59:30.675 INFO [main] [Horse.<init>(Horse.java:34)] - Horse object was created: Name [Horse3]: Speed [3.0]
2023-09-09 00:59:30.675 INFO [main] [Horse.<init>(Horse.java:34)] - Horse object was created: Name [Horse4]: Speed [4.0]
2023-09-09 00:59:30.675 INFO [main] [Horse.<init>(Horse.java:34)] - Horse object was created: Name [Horse5]: Speed [5.0]
2023-09-09 00:59:30.675 INFO [main] [Horse.<init>(Horse.java:34)] - Horse object was created: Name [Horse6]: Speed [6.0]
2023-09-09 00:59:30.675 INFO [main] [Horse.<init>(Horse.java:34)] - Horse object was created: Name [Horse7]: Speed [7.0]
2023-09-09 00:59:30.676 INFO [main] [Horse.<init>(Horse.java:34)] - Horse object was created: Name [Horse8]: Speed [8.0]
2023-09-09 00:59:30.676 INFO [main] [Horse.<init>(Horse.java:34)] - Horse object was created: Name [Horse9]: Speed [9.0]
2023-09-09 00:59:30.676 INFO [main] [Horse.<init>(Horse.java:34)] - Horse object was created: Name [Horse10]: Speed [10.0]
2023-09-09 00:59:30.676 INFO [main] [Horse.<init>(Horse.java:34)] - Horse object was created: Name [Horse11]: Speed [11.0]
2023-09-09 00:59:30.676 INFO [main] [Horse.<init>(Horse.java:34)] - Horse object was created: Name [Horse12]: Speed [12.0]
2023-09-09 00:59:30.676 INFO [main] [Horse.<init>(Horse.java:34)] - Horse object was created: Name [Horse13]: Speed [13.0]
2023-09-09 00:59:30.676 INFO [main] [Horse.<init>(Horse.java:34)] - Horse object was created: Name [Horse14]: Speed [14.0]
2023-09-09 00:59:30.677 INFO [main] [Horse.<init>(Horse.java:34)] - Horse object was created: Name [Horse15]: Speed [15.0]
2023-09-09 00:59:30.677 INFO [main] [Horse.<init>(Horse.java:34)] - Horse object was created: Name [Horse16]: Speed [16.0]
2023-09-09 00:59:30.677 INFO [main] [Horse.<init>(Horse.java:34)] - Horse object was created: Name [Horse17]: Speed [17.0]
2023-09-09 00:59:30.677 INFO [main] [Horse.<init>(Horse.java:34)] - Horse object was created: Name [Horse18]: Speed [18.0]
2023-09-09 00:59:30.677 INFO [main] [Horse.<init>(Horse.java:34)] - Horse object was created: Name [Horse19]: Speed [19.0]
2023-09-09 00:59:30.677 INFO [main] [Horse.<init>(Horse.java:34)] - Horse object was created: Name [Horse20]: Speed [20.0]
2023-09-09 00:59:30.678 INFO [main] [Horse.<init>(Horse.java:34)] - Horse object was created: Name [Horse21]: Speed [21.0]
2023-09-09 00:59:30.678 INFO [main] [Horse.<init>(Horse.java:34)] - Horse object was created: Name [Horse22]: Speed [22.0]
2023-09-09 00:59:30.678 INFO [main] [Horse.<init>(Horse.java:34)] - Horse object was created: Name [Horse23]: Speed [23.0]
2023-09-09 00:59:30.678 INFO [main] [Horse.<init>(Horse.java:34)] - Horse object was created: Name [Horse24]: Speed [24.0]
2023-09-09 00:59:30.678 INFO [main] [Horse.<init>(Horse.java:34)] - Horse object was created: Name [Horse25]: Speed [25.0]
2023-09-09 00:59:30.678 INFO [main] [Horse.<init>(Horse.java:34)] - Horse object was created: Name [Horse26]: Speed [26.0]
2023-09-09 00:59:30.678 INFO [main] [Horse.<init>(Horse.java:34)] - Horse object was created: Name [Horse27]: Speed [27.0]
2023-09-09 00:59:30.679 INFO [main] [Horse.<init>(Horse.java:34)] - Horse object was created: Name [Horse28]: Speed [28.0]
2023-09-09 00:59:30.679 INFO [main] [Horse.<init>(Horse.java:34)] - Horse object was created: Name [Horse29]: Speed [29.0]
2023-09-09 00:59:30.679 INFO [main] [Hippodrome.<init>(Hippodrome.java:25)] - creation of Hippodrome, horses [30]
2023-09-09 00:59:30.681 INFO [main] [Hippodrome.<init>(Hippodrome.java:19)] - Horses list is empty
2023-09-09 00:59:30.683 INFO [main] [Horse.<init>(Horse.java:34)] - Horse object was created: Name [Horse0]: Speed [1.0]
2023-09-09 00:59:30.683 INFO [main] [Horse.<init>(Horse.java:34)] - Horse object was created: Name [Horse1]: Speed [1.0]
2023-09-09 00:59:30.683 INFO [main] [Horse.<init>(Horse.java:34)] - Horse object was created: Name [Horse2]: Speed [1.0]
2023-09-09 00:59:30.683 INFO [main] [Horse.<init>(Horse.java:34)] - Horse object was created: Name [Horse3]: Speed [1.0]
2023-09-09 00:59:30.683 INFO [main] [Hippodrome.<init>(Hippodrome.java:25)] - creation of Hippodrome, horses [4]
2023-09-09 15:19:05.798 INFO [main] [Horse.<init>(Horse.java:34)] - Horse object was created: Name [Bucephalus]: Speed [2.4]
2023-09-09 15:19:05.801 INFO [main] [Horse.<init>(Horse.java:34)] - Horse object was created: Name [Ace of Spades]: Speed [2.5]
2023-09-09 15:19:05.801 INFO [main] [Horse.<init>(Horse.java:34)] - Horse object was created: Name [Zephyr]: Speed [2.6]
2023-09-09 15:19:05.801 INFO [main] [Horse.<init>(Horse.java:34)] - Horse object was created: Name [Blaze]: Speed [2.7]
2023-09-09 15:19:05.801 INFO [main] [Horse.<init>(Horse.java:34)] - Horse object was created: Name [Lobster]: Speed [2.8]
2023-09-09 15:19:05.801 INFO [main] [Horse.<init>(Horse.java:34)] - Horse object was created: Name [Pegasus]: Speed [2.9]
2023-09-09 15:19:05.802 INFO [main] [Horse.<init>(Horse.java:34)] - Horse object was created: Name [Cherry]: Speed [3.0]
2023-09-09 15:19:05.802 INFO [main] [Hippodrome.<init>(Hippodrome.java:25)] - creation of Hippodrome, horses [7]
2023-09-09 15:19:05.802 INFO [main] [Main.main(Main.java:21)] - Start of the race. Number of paticipants: 7
2023-09-09 15:19:26.066 INFO [main] [Main.main(Main.java:31)] - End of the race. Winner is Pegasus
2023-09-09 15:19:37.406 INFO [main] [Horse.<init>(Horse.java:34)] - Horse object was created: Name [TestName]: Speed [3.0]
2023-09-09 15:19:37.421 INFO [main] [Horse.<init>(Horse.java:15)] - Name is null
2023-09-09 15:19:38.192 INFO [main] [Horse.<init>(Horse.java:34)] - Horse object was created: Name [TestName]: Speed [1.0]
2023-09-09 15:19:38.215 INFO [main] [Horse.<init>(Horse.java:34)] - Horse object was created: Name [TestName]: Speed [9.0]
2023-09-09 15:19:38.282 INFO [main] [Horse.<init>(Horse.java:34)] - Horse object was created: Name [testName]: Speed [2.5]
2023-09-09 15:19:38.300 INFO [main] [Horse.<init>(Horse.java:34)] - Horse object was created: Name [testName]: Speed [2.5]
2023-09-09 15:19:38.306 INFO [main] [Horse.<init>(Horse.java:34)] - Horse object was created: Name [testName]: Speed [2.5]
2023-09-09 15:19:38.311 INFO [main] [Horse.<init>(Horse.java:34)] - Horse object was created: Name [testName]: Speed [2.5]
2023-09-09 15:19:38.315 INFO [main] [Horse.<init>(Horse.java:34)] - Horse object was created: Name [testName]: Speed [2.5]
2023-09-09 15:19:38.320 INFO [main] [Horse.<init>(Horse.java:34)] - Horse object was created: Name [testName]: Speed [2.5]
2023-09-09 15:19:38.325 INFO [main] [Horse.<init>(Horse.java:34)] - Horse object was created: Name [testName]: Speed [2.5]
2023-09-09 15:19:38.329 INFO [main] [Horse.<init>(Horse.java:34)] - Horse object was created: Name [TestName]: Speed [1.0]
2023-09-09 15:19:38.334 INFO [main] [Horse.<init>(Horse.java:22)] - Speed is negative
2023-09-09 15:19:38.336 INFO [main] [Horse.<init>(Horse.java:26)] - Distance is negative
2023-09-09 15:19:38.342 INFO [main] [Horse.<init>(Horse.java:18)] - Name is blank
2023-09-09 15:19:38.347 INFO [main] [Horse.<init>(Horse.java:18)] - Name is blank
2023-09-09 15:19:38.370 INFO [main] [Horse.<init>(Horse.java:18)] - Name is blank
2023-09-09 15:19:38.373 INFO [main] [Horse.<init>(Horse.java:18)] - Name is blank
2023-09-09 15:19:38.377 INFO [main] [Horse.<init>(Horse.java:18)] - Name is blank
2023-09-09 15:19:38.380 INFO [main] [Horse.<init>(Horse.java:18)] - Name is blank
2023-09-09 15:19:38.382 INFO [main] [Horse.<init>(Horse.java:18)] - Name is blank
2023-09-09 15:19:51.102 INFO [main] [Horse.<init>(Horse.java:34)] - Horse object was created: Name [Horse0]: Speed [0.0]
2023-09-09 15:19:51.104 INFO [main] [Horse.<init>(Horse.java:34)] - Horse object was created: Name [Horse1]: Speed [1.0]
2023-09-09 15:19:51.104 INFO [main] [Horse.<init>(Horse.java:34)] - Horse object was created: Name [Horse2]: Speed [2.0]
2023-09-09 15:19:51.104 INFO [main] [Horse.<init>(Horse.java:34)] - Horse object was created: Name [Horse3]: Speed [3.0]
2023-09-09 15:19:51.104 INFO [main] [Horse.<init>(Horse.java:34)] - Horse object was created: Name [Horse4]: Speed [4.0]
2023-09-09 15:19:51.105 INFO [main] [Horse.<init>(Horse.java:34)] - Horse object was created: Name [Horse5]: Speed [5.0]
2023-09-09 15:19:51.105 INFO [main] [Horse.<init>(Horse.java:34)] - Horse object was created: Name [Horse6]: Speed [6.0]
2023-09-09 15:19:51.105 INFO [main] [Horse.<init>(Horse.java:34)] - Horse object was created: Name [Horse7]: Speed [7.0]
2023-09-09 15:19:51.105 INFO [main] [Horse.<init>(Horse.java:34)] - Horse object was created: Name [Horse8]: Speed [8.0]
2023-09-09 15:19:51.105 INFO [main] [Horse.<init>(Horse.java:34)] - Horse object was created: Name [Horse9]: Speed [9.0]
2023-09-09 15:19:51.105 INFO [main] [Horse.<init>(Horse.java:34)] - Horse object was created: Name [Horse10]: Speed [10.0]
2023-09-09 15:19:51.106 INFO [main] [Horse.<init>(Horse.java:34)] - Horse object was created: Name [Horse11]: Speed [11.0]
2023-09-09 15:19:51.106 INFO [main] [Horse.<init>(Horse.java:34)] - Horse object was created: Name [Horse12]: Speed [12.0]
2023-09-09 15:19:51.106 INFO [main] [Horse.<init>(Horse.java:34)] - Horse object was created: Name [Horse13]: Speed [13.0]
2023-09-09 15:19:51.106 INFO [main] [Horse.<init>(Horse.java:34)] - Horse object was created: Name [Horse14]: Speed [14.0]
2023-09-09 15:19:51.106 INFO [main] [Horse.<init>(Horse.java:34)] - Horse object was created: Name [Horse15]: Speed [15.0]
2023-09-09 15:19:51.106 INFO [main] [Horse.<init>(Horse.java:34)] - Horse object was created: Name [Horse16]: Speed [16.0]
2023-09-09 15:19:51.106 INFO [main] [Horse.<init>(Horse.java:34)] - Horse object was created: Name [Horse17]: Speed [17.0]
2023-09-09 15:19:51.107 INFO [main] [Horse.<init>(Horse.java:34)] - Horse object was created: Name [Horse18]: Speed [18.0]
2023-09-09 15:19:51.107 INFO [main] [Horse.<init>(Horse.java:34)] - Horse object was created: Name [Horse19]: Speed [19.0]
2023-09-09 15:19:51.107 INFO [main] [Horse.<init>(Horse.java:34)] - Horse object was created: Name [Horse20]: Speed [20.0]
2023-09-09 15:19:51.107 INFO [main] [Horse.<init>(Horse.java:34)] - Horse object was created: Name [Horse21]: Speed [21.0]
2023-09-09 15:19:51.107 INFO [main] [Horse.<init>(Horse.java:34)] - Horse object was created: Name [Horse22]: Speed [22.0]
2023-09-09 15:19:51.107 INFO [main] [Horse.<init>(Horse.java:34)] - Horse object was created: Name [Horse23]: Speed [23.0]
2023-09-09 15:19:51.107 INFO [main] [Horse.<init>(Horse.java:34)] - Horse object was created: Name [Horse24]: Speed [24.0]
2023-09-09 15:19:51.108 INFO [main] [Horse.<init>(Horse.java:34)] - Horse object was created: Name [Horse25]: Speed [25.0]
2023-09-09 15:19:51.108 INFO [main] [Horse.<init>(Horse.java:34)] - Horse object was created: Name [Horse26]: Speed [26.0]
2023-09-09 15:19:51.108 INFO [main] [Horse.<init>(Horse.java:34)] - Horse object was created: Name [Horse27]: Speed [27.0]
2023-09-09 15:19:51.108 INFO [main] [Horse.<init>(Horse.java:34)] - Horse object was created: Name [Horse28]: Speed [28.0]
2023-09-09 15:19:51.108 INFO [main] [Horse.<init>(Horse.java:34)] - Horse object was created: Name [Horse29]: Speed [29.0]
2023-09-09 15:19:51.109 INFO [main] [Hippodrome.<init>(Hippodrome.java:25)] - creation of Hippodrome, horses [30]
2023-09-09 15:20:37.002 INFO [main] [Hippodrome.<init>(Hippodrome.java:16)] - Horses list is null
2023-09-09 15:20:52.587 INFO [main] [Hippodrome.<init>(Hippodrome.java:19)] - Horses list is empty
2023-09-09 15:29:59.209 INFO [main] [Horse.<init>(Horse.java:34)] - Horse object was created: Name [TestName]: Speed [3.0]
2023-09-09 15:29:59.226 INFO [main] [Horse.<init>(Horse.java:15)] - Name is null
2023-09-09 15:30:00.010 INFO [main] [Horse.<init>(Horse.java:34)] - Horse object was created: Name [TestName]: Speed [1.0]
2023-09-09 15:30:00.037 INFO [main] [Horse.<init>(Horse.java:34)] - Horse object was created: Name [TestName]: Speed [9.0]
2023-09-09 15:30:00.094 INFO [main] [Horse.<init>(Horse.java:34)] - Horse object was created: Name [testName]: Speed [2.5]
2023-09-09 15:30:00.108 INFO [main] [Horse.<init>(Horse.java:34)] - Horse object was created: Name [testName]: Speed [2.5]
2023-09-09 15:30:00.113 INFO [main] [Horse.<init>(Horse.java:34)] - Horse object was created: Name [testName]: Speed [2.5]
2023-09-09 15:30:00.116 INFO [main] [Horse.<init>(Horse.java:34)] - Horse object was created: Name [testName]: Speed [2.5]
2023-09-09 15:30:00.120 INFO [main] [Horse.<init>(Horse.java:34)] - Horse object was created: Name [testName]: Speed [2.5]
2023-09-09 15:30:00.123 INFO [main] [Horse.<init>(Horse.java:34)] - Horse object was created: Name [testName]: Speed [2.5]
2023-09-09 15:30:00.125 INFO [main] [Horse.<init>(Horse.java:34)] - Horse object was created: Name [testName]: Speed [2.5]
2023-09-09 15:30:00.128 INFO [main] [Horse.<init>(Horse.java:34)] - Horse object was created: Name [TestName]: Speed [1.0]
2023-09-09 15:30:00.131 INFO [main] [Horse.<init>(Horse.java:22)] - Speed is negative
2023-09-09 15:30:00.132 INFO [main] [Horse.<init>(Horse.java:26)] - Distance is negative
2023-09-09 15:30:00.136 INFO [main] [Horse.<init>(Horse.java:18)] - Name is blank
2023-09-09 15:30:00.139 INFO [main] [Horse.<init>(Horse.java:18)] - Name is blank
2023-09-09 15:30:00.142 INFO [main] [Horse.<init>(Horse.java:18)] - Name is blank
2023-09-09 15:30:00.144 INFO [main] [Horse.<init>(Horse.java:18)] - Name is blank
2023-09-09 15:30:00.146 INFO [main] [Horse.<init>(Horse.java:18)] - Name is blank
2023-09-09 15:30:00.148 INFO [main] [Horse.<init>(Horse.java:18)] - Name is blank
2023-09-09 15:30:00.149 INFO [main] [Horse.<init>(Horse.java:18)] - Name is blank
2023-09-09 15:30:00.160 INFO [main] [Hippodrome.<init>(Hippodrome.java:16)] - Horses list is null
2023-09-09 15:30:00.185 INFO [main] [Horse.<init>(Horse.java:34)] - Horse object was created: Name [Horse0]: Speed [0.0]
2023-09-09 15:30:00.185 INFO [main] [Horse.<init>(Horse.java:34)] - Horse object was created: Name [Horse1]: Speed [1.0]
2023-09-09 15:30:00.185 INFO [main] [Horse.<init>(Horse.java:34)] - Horse object was created: Name [Horse2]: Speed [2.0]
2023-09-09 15:30:00.185 INFO [main] [Horse.<init>(Horse.java:34)] - Horse object was created: Name [Horse3]: Speed [3.0]
2023-09-09 15:30:00.186 INFO [main] [Horse.<init>(Horse.java:34)] - Horse object was created: Name [Horse4]: Speed [4.0]
2023-09-09 15:30:00.186 INFO [main] [Horse.<init>(Horse.java:34)] - Horse object was created: Name [Horse5]: Speed [5.0]
2023-09-09 15:30:00.186 INFO [main] [Horse.<init>(Horse.java:34)] - Horse object was created: Name [Horse6]: Speed [6.0]
2023-09-09 15:30:00.186 INFO [main] [Horse.<init>(Horse.java:34)] - Horse object was created: Name [Horse7]: Speed [7.0]
2023-09-09 15:30:00.186 INFO [main] [Horse.<init>(Horse.java:34)] - Horse object was created: Name [Horse8]: Speed [8.0]
2023-09-09 15:30:00.187 INFO [main] [Horse.<init>(Horse.java:34)] - Horse object was created: Name [Horse9]: Speed [9.0]
2023-09-09 15:30:00.187 INFO [main] [Horse.<init>(Horse.java:34)] - Horse object was created: Name [Horse10]: Speed [10.0]
2023-09-09 15:30:00.187 INFO [main] [Horse.<init>(Horse.java:34)] - Horse object was created: Name [Horse11]: Speed [11.0]
2023-09-09 15:30:00.187 INFO [main] [Horse.<init>(Horse.java:34)] - Horse object was created: Name [Horse12]: Speed [12.0]
2023-09-09 15:30:00.187 INFO [main] [Horse.<init>(Horse.java:34)] - Horse object was created: Name [Horse13]: Speed [13.0]
2023-09-09 15:30:00.187 INFO [main] [Horse.<init>(Horse.java:34)] - Horse object was created: Name [Horse14]: Speed [14.0]
2023-09-09 15:30:00.188 INFO [main] [Horse.<init>(Horse.java:34)] - Horse object was created: Name [Horse15]: Speed [15.0]
2023-09-09 15:30:00.188 INFO [main] [Horse.<init>(Horse.java:34)] - Horse object was created: Name [Horse16]: Speed [16.0]
2023-09-09 15:30:00.188 INFO [main] [Horse.<init>(Horse.java:34)] - Horse object was created: Name [Horse17]: Speed [17.0]
2023-09-09 15:30:00.188 INFO [main] [Horse.<init>(Horse.java:34)] - Horse object was created: Name [Horse18]: Speed [18.0]
2023-09-09 15:30:00.188 INFO [main] [Horse.<init>(Horse.java:34)] - Horse object was created: Name [Horse19]: Speed [19.0]
2023-09-09 15:30:00.188 INFO [main] [Horse.<init>(Horse.java:34)] - Horse object was created: Name [Horse20]: Speed [20.0]
2023-09-09 15:30:00.189 INFO [main] [Horse.<init>(Horse.java:34)] - Horse object was created: Name [Horse21]: Speed [21.0]
2023-09-09 15:30:00.189 INFO [main] [Horse.<init>(Horse.java:34)] - Horse object was created: Name [Horse22]: Speed [22.0]
2023-09-09 15:30:00.189 INFO [main] [Horse.<init>(Horse.java:34)] - Horse object was created: Name [Horse23]: Speed [23.0]
2023-09-09 15:30:00.189 INFO [main] [Horse.<init>(Horse.java:34)] - Horse object was created: Name [Horse24]: Speed [24.0]
2023-09-09 15:30:00.189 INFO [main] [Horse.<init>(Horse.java:34)] - Horse object was created: Name [Horse25]: Speed [25.0]
2023-09-09 15:30:00.190 INFO [main] [Horse.<init>(Horse.java:34)] - Horse object was created: Name [Horse26]: Speed [26.0]
2023-09-09 15:30:00.190 INFO [main] [Horse.<init>(Horse.java:34)] - Horse object was created: Name [Horse27]: Speed [27.0]
2023-09-09 15:30:00.190 INFO [main] [Horse.<init>(Horse.java:34)] - Horse object was created: Name [Horse28]: Speed [28.0]
2023-09-09 15:30:00.190 INFO [main] [Horse.<init>(Horse.java:34)] - Horse object was created: Name [Horse29]: Speed [29.0]
2023-09-09 15:30:00.190 INFO [main] [Horse.<init>(Horse.java:34)] - Horse object was created: Name [Horse30]: Speed [30.0]
2023-09-09 15:30:00.190 INFO [main] [Horse.<init>(Horse.java:34)] - Horse object was created: Name [Horse31]: Speed [31.0]
2023-09-09 15:30:00.191 INFO [main] [Horse.<init>(Horse.java:34)] - Horse object was created: Name [Horse32]: Speed [32.0]
2023-09-09 15:30:00.191 INFO [main] [Horse.<init>(Horse.java:34)] - Horse object was created: Name [Horse33]: Speed [33.0]
2023-09-09 15:30:00.191 INFO [main] [Horse.<init>(Horse.java:34)] - Horse object was created: Name [Horse34]: Speed [34.0]
2023-09-09 15:30:00.192 INFO [main] [Horse.<init>(Horse.java:34)] - Horse object was created: Name [Horse35]: Speed [35.0]
2023-09-09 15:30:00.192 INFO [main] [Horse.<init>(Horse.java:34)] - Horse object was created: Name [Horse36]: Speed [36.0]
2023-09-09 15:30:00.192 INFO [main] [Horse.<init>(Horse.java:34)] - Horse object was created: Name [Horse37]: Speed [37.0]
2023-09-09 15:30:00.192 INFO [main] [Horse.<init>(Horse.java:34)] - Horse object was created: Name [Horse38]: Speed [38.0]
2023-09-09 15:30:00.192 INFO [main] [Horse.<init>(Horse.java:34)] - Horse object was created: Name [Horse39]: Speed [39.0]
2023-09-09 15:30:00.192 INFO [main] [Horse.<init>(Horse.java:34)] - Horse object was created: Name [Horse40]: Speed [40.0]
2023-09-09 15:30:00.192 INFO [main] [Horse.<init>(Horse.java:34)] - Horse object was created: Name [Horse41]: Speed [41.0]
2023-09-09 15:30:00.193 INFO [main] [Horse.<init>(Horse.java:34)] - Horse object was created: Name [Horse42]: Speed [42.0]
2023-09-09 15:30:00.193 INFO [main] [Horse.<init>(Horse.java:34)] - Horse object was created: Name [Horse43]: Speed [43.0]
2023-09-09 15:30:00.193 INFO [main] [Horse.<init>(Horse.java:34)] - Horse object was created: Name [Horse44]: Speed [44.0]
2023-09-09 15:30:00.193 INFO [main] [Horse.<init>(Horse.java:34)] - Horse object was created: Name [Horse45]: Speed [45.0]
2023-09-09 15:30:00.193 INFO [main] [Horse.<init>(Horse.java:34)] - Horse object was created: Name [Horse46]: Speed [46.0]
2023-09-09 15:30:00.193 INFO [main] [Horse.<init>(Horse.java:34)] - Horse object was created: Name [Horse47]: Speed [47.0]
2023-09-09 15:30:00.193 INFO [main] [Horse.<init>(Horse.java:34)] - Horse object was created: Name [Horse48]: Speed [48.0]
2023-09-09 15:30:00.194 INFO [main] [Horse.<init>(Horse.java:34)] - Horse object was created: Name [Horse49]: Speed [49.0]
2023-09-09 15:30:00.194 INFO [main] [Hippodrome.<init>(Hippodrome.java:25)] - creation of Hippodrome, horses [50]
2023-09-09 15:30:00.197 INFO [main] [Horse.<init>(Horse.java:34)] - Horse object was created: Name [Horse0]: Speed [0.0]
2023-09-09 15:30:00.197 INFO [main] [Horse.<init>(Horse.java:34)] - Horse object was created: Name [Horse1]: Speed [1.0]
2023-09-09 15:30:00.197 INFO [main] [Horse.<init>(Horse.java:34)] - Horse object was created: Name [Horse2]: Speed [2.0]
2023-09-09 15:30:00.197 INFO [main] [Horse.<init>(Horse.java:34)] - Horse object was created: Name [Horse3]: Speed [3.0]
2023-09-09 15:30:00.197 INFO [main] [Horse.<init>(Horse.java:34)] - Horse object was created: Name [Horse4]: Speed [4.0]
2023-09-09 15:30:00.198 INFO [main] [Horse.<init>(Horse.java:34)] - Horse object was created: Name [Horse5]: Speed [5.0]
2023-09-09 15:30:00.198 INFO [main] [Horse.<init>(Horse.java:34)] - Horse object was created: Name [Horse6]: Speed [6.0]
2023-09-09 15:30:00.198 INFO [main] [Horse.<init>(Horse.java:34)] - Horse object was created: Name [Horse7]: Speed [7.0]
2023-09-09 15:30:00.198 INFO [main] [Horse.<init>(Horse.java:34)] - Horse object was created: Name [Horse8]: Speed [8.0]
2023-09-09 15:30:00.198 INFO [main] [Horse.<init>(Horse.java:34)] - Horse object was created: Name [Horse9]: Speed [9.0]
2023-09-09 15:30:00.198 INFO [main] [Horse.<init>(Horse.java:34)] - Horse object was created: Name [Horse10]: Speed [10.0]
2023-09-09 15:30:00.198 INFO [main] [Horse.<init>(Horse.java:34)] - Horse object was created: Name [Horse11]: Speed [11.0]
2023-09-09 15:30:00.199 INFO [main] [Horse.<init>(Horse.java:34)] - Horse object was created: Name [Horse12]: Speed [12.0]
2023-09-09 15:30:00.199 INFO [main] [Horse.<init>(Horse.java:34)] - Horse object was created: Name [Horse13]: Speed [13.0]
2023-09-09 15:30:00.199 INFO [main] [Horse.<init>(Horse.java:34)] - Horse object was created: Name [Horse14]: Speed [14.0]
2023-09-09 15:30:00.199 INFO [main] [Horse.<init>(Horse.java:34)] - Horse object was created: Name [Horse15]: Speed [15.0]
2023-09-09 15:30:00.199 INFO [main] [Horse.<init>(Horse.java:34)] - Horse object was created: Name [Horse16]: Speed [16.0]
2023-09-09 15:30:00.199 INFO [main] [Horse.<init>(Horse.java:34)] - Horse object was created: Name [Horse17]: Speed [17.0]
2023-09-09 15:30:00.199 INFO [main] [Horse.<init>(Horse.java:34)] - Horse object was created: Name [Horse18]: Speed [18.0]
2023-09-09 15:30:00.200 INFO [main] [Horse.<init>(Horse.java:34)] - Horse object was created: Name [Horse19]: Speed [19.0]
2023-09-09 15:30:00.200 INFO [main] [Horse.<init>(Horse.java:34)] - Horse object was created: Name [Horse20]: Speed [20.0]
2023-09-09 15:30:00.200 INFO [main] [Horse.<init>(Horse.java:34)] - Horse object was created: Name [Horse21]: Speed [21.0]
2023-09-09 15:30:00.200 INFO [main] [Horse.<init>(Horse.java:34)] - Horse object was created: Name [Horse22]: Speed [22.0]
2023-09-09 15:30:00.200 INFO [main] [Horse.<init>(Horse.java:34)] - Horse object was created: Name [Horse23]: Speed [23.0]
2023-09-09 15:30:00.200 INFO [main] [Horse.<init>(Horse.java:34)] - Horse object was created: Name [Horse24]: Speed [24.0]
2023-09-09 15:30:00.200 INFO [main] [Horse.<init>(Horse.java:34)] - Horse object was created: Name [Horse25]: Speed [25.0]
2023-09-09 15:30:00.200 INFO [main] [Horse.<init>(Horse.java:34)] - Horse object was created: Name [Horse26]: Speed [26.0]
2023-09-09 15:30:00.201 INFO [main] [Horse.<init>(Horse.java:34)] - Horse object was created: Name [Horse27]: Speed [27.0]
2023-09-09 15:30:00.201 INFO [main] [Horse.<init>(Horse.java:34)] - Horse object was created: Name [Horse28]: Speed [28.0]
2023-09-09 15:30:00.201 INFO [main] [Horse.<init>(Horse.java:34)] - Horse object was created: Name [Horse29]: Speed [29.0]
2023-09-09 15:30:00.201 INFO [main] [Hippodrome.<init>(Hippodrome.java:25)] - creation of Hippodrome, horses [30]
2023-09-09 15:30:00.204 INFO [main] [Hippodrome.<init>(Hippodrome.java:19)] - Horses list is empty
2023-09-09 15:30:00.206 INFO [main] [Horse.<init>(Horse.java:34)] - Horse object was created: Name [Horse0]: Speed [1.0]
2023-09-09 15:30:00.206 INFO [main] [Horse.<init>(Horse.java:34)] - Horse object was created: Name [Horse1]: Speed [1.0]
2023-09-09 15:30:00.206 INFO [main] [Horse.<init>(Horse.java:34)] - Horse object was created: Name [Horse2]: Speed [1.0]
2023-09-09 15:30:00.206 INFO [main] [Horse.<init>(Horse.java:34)] - Horse object was created: Name [Horse3]: Speed [1.0]
2023-09-09 15:30:00.206 INFO [main] [Hippodrome.<init>(Hippodrome.java:25)] - creation of Hippodrome, horses [4]
2023-09-09 15:30:00.219 INFO [main] [Horse.<init>(Horse.java:34)] - Horse object was created: Name [Bucephalus]: Speed [2.4]
2023-09-09 15:30:00.219 INFO [main] [Horse.<init>(Horse.java:34)] - Horse object was created: Name [Ace of Spades]: Speed [2.5]
2023-09-09 15:30:00.219 INFO [main] [Horse.<init>(Horse.java:34)] - Horse object was created: Name [Zephyr]: Speed [2.6]
2023-09-09 15:30:00.219 INFO [main] [Horse.<init>(Horse.java:34)] - Horse object was created: Name [Blaze]: Speed [2.7]
2023-09-09 15:30:00.219 INFO [main] [Horse.<init>(Horse.java:34)] - Horse object was created: Name [Lobster]: Speed [2.8]
2023-09-09 15:30:00.219 INFO [main] [Horse.<init>(Horse.java:34)] - Horse object was created: Name [Pegasus]: Speed [2.9]
2023-09-09 15:30:00.220 INFO [main] [Horse.<init>(Horse.java:34)] - Horse object was created: Name [Cherry]: Speed [3.0]
2023-09-09 15:30:00.220 INFO [main] [Hippodrome.<init>(Hippodrome.java:25)] - creation of Hippodrome, horses [7]
2023-09-09 15:30:00.220 INFO [main] [Main.main(Main.java:21)] - Start of the race. Number of paticipants: 7
2023-09-09 15:30:20.471 INFO [main] [Main.main(Main.java:31)] - End of the race. Winner is Cherry
